# JRE version: OpenJDK Runtime Environment (11.0.15) (build 11.0.15+0-b2043.56-9505619)
# Java VM: OpenJDK 64-Bit Server VM (11.0.15+0-b2043.56-9505619, mixed mode, tiered, compressed oops, g1 gc, windows-amd64)
Heap:
 garbage-first heap   total 258048K, used 133671K [0x0000000080000000, 0x0000000100000000)
  region size 1024K, 25 young (25600K), 8 survivors (8192K)
 Metaspace       used 107540K, capacity 110472K, committed 110528K, reserved 1144832K
  class space    used 13576K, capacity 14668K, committed 14668K, reserved 1048576K
GC Heap History (20 events):
Event: 33.902 GC heap before
{Heap before GC invocations=11 (full 0):
 garbage-first heap   total 258048K, used 174155K [0x0000000080000000, 0x0000000100000000)
  region size 1024K, 127 young (130048K), 15 survivors (15360K)
 Metaspace       used 68848K, capacity 70484K, committed 70576K, reserved 1110016K
  class space    used 8728K, capacity 9401K, committed 9472K, reserved 1048576K
}
Event: 33.938 GC heap after
{Heap after GC invocations=12 (full 0):
 garbage-first heap   total 258048K, used 60901K [0x0000000080000000, 0x0000000100000000)
  region size 1024K, 9 young (9216K), 9 survivors (9216K)
 Metaspace       used 68848K, capacity 70484K, committed 70576K, reserved 1110016K
  class space    used 8728K, capacity 9401K, committed 9472K, reserved 1048576K
}
Event: 36.911 GC heap before
{Heap before GC invocations=12 (full 0):
 garbage-first heap   total 258048K, used 178661K [0x0000000080000000, 0x0000000100000000)
  region size 1024K, 124 young (126976K), 9 survivors (9216K)
 Metaspace       used 77158K, capacity 78869K, committed 79024K, reserved 1118208K
  class space    used 10002K, capacity 10707K, committed 10752K, reserved 1048576K
}
Event: 36.974 GC heap after
{Heap after GC invocations=13 (full 0):
 garbage-first heap   total 258048K, used 67208K [0x0000000080000000, 0x0000000100000000)
  region size 1024K, 16 young (16384K), 16 survivors (16384K)
 Metaspace       used 77158K, capacity 78869K, committed 79024K, reserved 1118208K
  class space    used 10002K, capacity 10707K, committed 10752K, reserved 1048576K
}
Event: 40.837 GC heap before
{Heap before GC invocations=13 (full 0):
 garbage-first heap   total 258048K, used 184968K [0x0000000080000000, 0x0000000100000000)
  region size 1024K, 131 young (134144K), 16 survivors (16384K)
 Metaspace       used 87367K, capacity 89272K, committed 89392K, reserved 1126400K
  class space    used 11384K, capacity 12148K, committed 12160K, reserved 1048576K
}
Event: 40.854 GC heap after
{Heap after GC invocations=14 (full 0):
 garbage-first heap   total 258048K, used 76374K [0x0000000080000000, 0x0000000100000000)
  region size 1024K, 17 young (17408K), 17 survivors (17408K)
 Metaspace       used 87367K, capacity 89272K, committed 89392K, reserved 1126400K
  class space    used 11384K, capacity 12148K, committed 12160K, reserved 1048576K
}
Event: 44.248 GC heap before
{Heap before GC invocations=14 (full 0):
 garbage-first heap   total 258048K, used 190038K [0x0000000080000000, 0x0000000100000000)
  region size 1024K, 129 young (132096K), 17 survivors (17408K)
 Metaspace       used 90264K, capacity 92626K, committed 92848K, reserved 1130496K
  class space    used 11821K, capacity 12715K, committed 12800K, reserved 1048576K
}
Event: 44.266 GC heap after
{Heap after GC invocations=15 (full 0):
 garbage-first heap   total 258048K, used 86993K [0x0000000080000000, 0x0000000100000000)
  region size 1024K, 17 young (17408K), 17 survivors (17408K)
 Metaspace       used 90264K, capacity 92626K, committed 92848K, reserved 1130496K
  class space    used 11821K, capacity 12715K, committed 12800K, reserved 1048576K
}
Event: 49.122 GC heap before
{Heap before GC invocations=15 (full 0):
 garbage-first heap   total 258048K, used 203729K [0x0000000080000000, 0x0000000100000000)
  region size 1024K, 122 young (124928K), 17 survivors (17408K)
 Metaspace       used 94938K, capacity 97448K, committed 97712K, reserved 1134592K
  class space    used 12344K, capacity 13293K, committed 13312K, reserved 1048576K
}
Event: 49.218 GC heap after
{Heap after GC invocations=16 (full 0):
 garbage-first heap   total 258048K, used 109914K [0x0000000080000000, 0x0000000100000000)
  region size 1024K, 16 young (16384K), 16 survivors (16384K)
 Metaspace       used 94938K, capacity 97448K, committed 97712K, reserved 1134592K
  class space    used 12344K, capacity 13293K, committed 13312K, reserved 1048576K
}
Event: 52.393 GC heap before
{Heap before GC invocations=16 (full 0):
 garbage-first heap   total 258048K, used 190810K [0x0000000080000000, 0x0000000100000000)
  region size 1024K, 80 young (81920K), 16 survivors (16384K)
 Metaspace       used 97944K, capacity 100568K, committed 100656K, reserved 1136640K
  class space    used 12602K, capacity 13636K, committed 13696K, reserved 1048576K
}
Event: 52.487 GC heap after
{Heap after GC invocations=17 (full 0):
 garbage-first heap   total 258048K, used 119169K [0x0000000080000000, 0x0000000100000000)
  region size 1024K, 8 young (8192K), 8 survivors (8192K)
 Metaspace       used 97944K, capacity 100568K, committed 100656K, reserved 1136640K
  class space    used 12602K, capacity 13636K, committed 13696K, reserved 1048576K
}
Event: 56.463 GC heap before
{Heap before GC invocations=18 (full 0):
 garbage-first heap   total 258048K, used 185729K [0x0000000080000000, 0x0000000100000000)
  region size 1024K, 78 young (79872K), 8 survivors (8192K)
 Metaspace       used 101387K, capacity 104058K, committed 104256K, reserved 1140736K
  class space    used 12896K, capacity 13912K, committed 14028K, reserved 1048576K
}
Event: 56.499 GC heap after
{Heap after GC invocations=19 (full 0):
 garbage-first heap   total 258048K, used 114869K [0x0000000080000000, 0x0000000100000000)
  region size 1024K, 5 young (5120K), 5 survivors (5120K)
 Metaspace       used 101387K, capacity 104058K, committed 104256K, reserved 1140736K
  class space    used 12896K, capacity 13912K, committed 14028K, reserved 1048576K
}
Event: 58.672 GC heap before
{Heap before GC invocations=20 (full 0):
 garbage-first heap   total 258048K, used 186549K [0x0000000080000000, 0x0000000100000000)
  region size 1024K, 81 young (82944K), 5 survivors (5120K)
 Metaspace       used 105150K, capacity 107762K, committed 107968K, reserved 1142784K
  class space    used 13364K, capacity 14373K, committed 14412K, reserved 1048576K
}
Event: 58.694 GC heap after
{Heap after GC invocations=21 (full 0):
 garbage-first heap   total 258048K, used 113494K [0x0000000080000000, 0x0000000100000000)
  region size 1024K, 9 young (9216K), 9 survivors (9216K)
 Metaspace       used 105150K, capacity 107762K, committed 107968K, reserved 1142784K
  class space    used 13364K, capacity 14373K, committed 14412K, reserved 1048576K
}
Event: 58.773 GC heap before
{Heap before GC invocations=21 (full 0):
 garbage-first heap   total 258048K, used 115542K [0x0000000080000000, 0x0000000100000000)
  region size 1024K, 12 young (12288K), 9 survivors (9216K)
 Metaspace       used 105225K, capacity 107854K, committed 107968K, reserved 1142784K
  class space    used 13364K, capacity 14373K, committed 14412K, reserved 1048576K
}
Event: 58.782 GC heap after
{Heap after GC invocations=22 (full 0):
 garbage-first heap   total 258048K, used 109546K [0x0000000080000000, 0x0000000100000000)
  region size 1024K, 2 young (2048K), 2 survivors (2048K)
 Metaspace       used 105225K, capacity 107854K, committed 107968K, reserved 1142784K
  class space    used 13364K, capacity 14373K, committed 14412K, reserved 1048576K
}
Event: 140.421 GC heap before
{Heap before GC invocations=22 (full 0):
 garbage-first heap   total 258048K, used 192490K [0x0000000080000000, 0x0000000100000000)
  region size 1024K, 84 young (86016K), 2 survivors (2048K)
 Metaspace       used 107478K, capacity 110385K, committed 110528K, reserved 1144832K
  class space    used 13575K, capacity 14665K, committed 14668K, reserved 1048576K
}
Event: 140.526 GC heap after
{Heap after GC invocations=23 (full 0):
 garbage-first heap   total 258048K, used 116263K [0x0000000080000000, 0x0000000100000000)
  region size 1024K, 8 young (8192K), 8 survivors (8192K)
 Metaspace       used 107478K, capacity 110385K, committed 110528K, reserved 1144832K
  class space    used 13575K, capacity 14665K, committed 14668K, reserved 1048576K
}

